{"contracts/Raffle.sol":{"l":{"46":3,"47":3,"48":3,"49":3,"50":3,"51":3,"52":3,"53":3,"57":5,"58":1,"60":4,"61":1,"63":3,"64":3,"78":1,"79":1,"80":1,"81":1,"82":1,"83":1,"86":1,"87":1,"88":1,"91":1,"92":1,"95":1,"96":1,"99":1,"100":1,"107":1,"108":1,"109":0,"115":1,"116":1,"124":1,"131":0,"132":0,"133":0,"135":0,"136":0,"137":0,"139":0,"140":0,"141":0,"142":0,"150":0,"154":1,"158":0,"162":1,"166":0,"174":1,"178":0,"182":0,"186":6,"190":1},"path":"/home/amalesh/Raffle project/contracts/Raffle.sol","s":{"1":3,"2":3,"3":3,"4":3,"5":3,"6":3,"7":3,"8":3,"9":5,"10":4,"11":3,"12":3,"13":1,"14":1,"15":1,"16":1,"17":1,"18":1,"19":1,"20":1,"21":1,"22":1,"23":1,"24":1,"25":1,"26":1,"27":1,"28":1,"29":1,"30":1,"31":1,"32":1,"33":0,"34":0,"35":0,"36":0,"37":0,"38":0,"39":0,"40":0,"41":0,"42":0,"43":1,"44":0,"45":1,"46":0,"47":1,"48":0,"49":0,"50":6,"51":1},"b":{"1":[1,4],"2":[1,3],"3":[1,0],"4":[1,0],"5":[1,0],"6":[1,0],"7":[1,0],"8":[0,1],"9":[0,0]},"f":{"1":3,"2":5,"3":1,"4":1,"5":0,"6":0,"7":1,"8":0,"9":1,"10":0,"11":1,"12":0,"13":0,"14":6,"15":1},"fnMap":{"1":{"name":"constructor","line":45,"loc":{"start":{"line":38,"column":4},"end":{"line":54,"column":4}}},"2":{"name":"enterRaffle","line":56,"loc":{"start":{"line":56,"column":4},"end":{"line":65,"column":4}}},"3":{"name":"checkUpkeep","line":67,"loc":{"start":{"line":67,"column":4},"end":{"line":102,"column":4}}},"4":{"name":"performUpkeep","line":104,"loc":{"start":{"line":104,"column":4},"end":{"line":125,"column":4}}},"5":{"name":"fulfillRandomWords","line":127,"loc":{"start":{"line":127,"column":4},"end":{"line":143,"column":4}}},"6":{"name":"getVRFCoordinator","line":145,"loc":{"start":{"line":145,"column":4},"end":{"line":151,"column":4}}},"7":{"name":"getEntranceFee","line":153,"loc":{"start":{"line":153,"column":4},"end":{"line":155,"column":4}}},"8":{"name":"getRecentWinner","line":157,"loc":{"start":{"line":157,"column":4},"end":{"line":159,"column":4}}},"9":{"name":"getRaffleState","line":161,"loc":{"start":{"line":161,"column":4},"end":{"line":163,"column":4}}},"10":{"name":"getNumWords","line":165,"loc":{"start":{"line":165,"column":4},"end":{"line":167,"column":4}}},"11":{"name":"getPlayersAddress","line":169,"loc":{"start":{"line":169,"column":4},"end":{"line":175,"column":4}}},"12":{"name":"getLatestTimeStamp","line":177,"loc":{"start":{"line":177,"column":4},"end":{"line":179,"column":4}}},"13":{"name":"getRequestConfirmations","line":181,"loc":{"start":{"line":181,"column":4},"end":{"line":183,"column":4}}},"14":{"name":"getInterval","line":185,"loc":{"start":{"line":185,"column":4},"end":{"line":187,"column":4}}},"15":{"name":"getSubscriptionId","line":189,"loc":{"start":{"line":189,"column":4},"end":{"line":191,"column":4}}}},"statementMap":{"1":{"start":{"line":46,"column":8},"end":{"line":46,"column":35}},"2":{"start":{"line":47,"column":8},"end":{"line":47,"column":68}},"3":{"start":{"line":48,"column":8},"end":{"line":48,"column":27}},"4":{"start":{"line":49,"column":8},"end":{"line":49,"column":45}},"5":{"start":{"line":50,"column":8},"end":{"line":50,"column":41}},"6":{"start":{"line":51,"column":8},"end":{"line":51,"column":39}},"7":{"start":{"line":52,"column":8},"end":{"line":52,"column":40}},"8":{"start":{"line":53,"column":8},"end":{"line":53,"column":29}},"9":{"start":{"line":57,"column":8},"end":{"line":57,"column":1948}},"10":{"start":{"line":60,"column":8},"end":{"line":60,"column":2056}},"11":{"start":{"line":63,"column":8},"end":{"line":63,"column":47}},"12":{"start":{"line":64,"column":8},"end":{"line":64,"column":36}},"13":{"start":{"line":78,"column":8},"end":{"line":78,"column":27}},"14":{"start":{"line":79,"column":8},"end":{"line":79,"column":31}},"15":{"start":{"line":80,"column":8},"end":{"line":80,"column":31}},"16":{"start":{"line":81,"column":8},"end":{"line":81,"column":31}},"17":{"start":{"line":82,"column":8},"end":{"line":82,"column":2605}},"18":{"start":{"line":83,"column":12},"end":{"line":83,"column":24}},"19":{"start":{"line":86,"column":8},"end":{"line":86,"column":63}},"20":{"start":{"line":87,"column":8},"end":{"line":87,"column":2757}},"21":{"start":{"line":88,"column":12},"end":{"line":88,"column":28}},"22":{"start":{"line":91,"column":8},"end":{"line":91,"column":2840}},"23":{"start":{"line":92,"column":12},"end":{"line":92,"column":28}},"24":{"start":{"line":95,"column":8},"end":{"line":95,"column":2923}},"25":{"start":{"line":96,"column":12},"end":{"line":96,"column":28}},"26":{"start":{"line":99,"column":8},"end":{"line":99,"column":3006}},"27":{"start":{"line":100,"column":12},"end":{"line":100,"column":30}},"28":{"start":{"line":107,"column":8},"end":{"line":107,"column":47}},"29":{"start":{"line":108,"column":8},"end":{"line":108,"column":3262}},"30":{"start":{"line":115,"column":8},"end":{"line":115,"column":46}},"31":{"start":{"line":116,"column":8},"end":{"line":116,"column":3516}},"32":{"start":{"line":124,"column":8},"end":{"line":124,"column":45}},"33":{"start":{"line":131,"column":8},"end":{"line":131,"column":69}},"34":{"start":{"line":132,"column":8},"end":{"line":132,"column":62}},"35":{"start":{"line":133,"column":8},"end":{"line":133,"column":30}},"36":{"start":{"line":135,"column":8},"end":{"line":135,"column":72}},"37":{"start":{"line":136,"column":8},"end":{"line":136,"column":4155}},"38":{"start":{"line":139,"column":8},"end":{"line":139,"column":48}},"39":{"start":{"line":140,"column":8},"end":{"line":140,"column":39}},"40":{"start":{"line":141,"column":8},"end":{"line":141,"column":40}},"41":{"start":{"line":142,"column":8},"end":{"line":142,"column":33}},"42":{"start":{"line":150,"column":8},"end":{"line":150,"column":31}},"43":{"start":{"line":154,"column":8},"end":{"line":154,"column":28}},"44":{"start":{"line":158,"column":8},"end":{"line":158,"column":29}},"45":{"start":{"line":162,"column":8},"end":{"line":162,"column":28}},"46":{"start":{"line":166,"column":8},"end":{"line":166,"column":24}},"47":{"start":{"line":174,"column":8},"end":{"line":174,"column":37}},"48":{"start":{"line":178,"column":8},"end":{"line":178,"column":30}},"49":{"start":{"line":182,"column":8},"end":{"line":182,"column":36}},"50":{"start":{"line":186,"column":8},"end":{"line":186,"column":25}},"51":{"start":{"line":190,"column":8},"end":{"line":190,"column":31}}},"branchMap":{"1":{"line":57,"type":"if","locations":[{"start":{"line":57,"column":8},"end":{"line":57,"column":8}},{"start":{"line":57,"column":8},"end":{"line":57,"column":8}}]},"2":{"line":60,"type":"if","locations":[{"start":{"line":60,"column":8},"end":{"line":60,"column":8}},{"start":{"line":60,"column":8},"end":{"line":60,"column":8}}]},"3":{"line":82,"type":"if","locations":[{"start":{"line":82,"column":8},"end":{"line":82,"column":8}},{"start":{"line":82,"column":8},"end":{"line":82,"column":8}}]},"4":{"line":87,"type":"if","locations":[{"start":{"line":87,"column":8},"end":{"line":87,"column":8}},{"start":{"line":87,"column":8},"end":{"line":87,"column":8}}]},"5":{"line":91,"type":"if","locations":[{"start":{"line":91,"column":8},"end":{"line":91,"column":8}},{"start":{"line":91,"column":8},"end":{"line":91,"column":8}}]},"6":{"line":95,"type":"if","locations":[{"start":{"line":95,"column":8},"end":{"line":95,"column":8}},{"start":{"line":95,"column":8},"end":{"line":95,"column":8}}]},"7":{"line":99,"type":"if","locations":[{"start":{"line":99,"column":8},"end":{"line":99,"column":8}},{"start":{"line":99,"column":8},"end":{"line":99,"column":8}}]},"8":{"line":108,"type":"if","locations":[{"start":{"line":108,"column":8},"end":{"line":108,"column":8}},{"start":{"line":108,"column":8},"end":{"line":108,"column":8}}]},"9":{"line":136,"type":"if","locations":[{"start":{"line":136,"column":8},"end":{"line":136,"column":8}},{"start":{"line":136,"column":8},"end":{"line":136,"column":8}}]}}},"contracts/test/VRFCoordinatorV2Mock.sol":{"l":{},"path":"/home/amalesh/Raffle project/contracts/test/VRFCoordinatorV2Mock.sol","s":{},"b":{},"f":{},"fnMap":{},"statementMap":{},"branchMap":{}}}